INFO  21-06-15 07:01:27[main] [ChatBotApplication:55] - Starting ChatBotApplication on DESKTOP-Q2KV5DR with PID 21376 (D:\development\workspace\ChatBot\bin\main started by hwang in D:\development\workspace\ChatBot)
INFO  21-06-15 07:01:27[main] [ChatBotApplication:651] - No active profile set, falling back to default profiles: default
DEBUG 21-06-15 07:01:28[main] [LogFactory:105] - Logging initialized using 'class org.apache.ibatis.logging.slf4j.Slf4jImpl' adapter.
INFO  21-06-15 07:01:29[main] [TomcatWebServer:108] - Tomcat initialized with port(s): 8082 (http)
INFO  21-06-15 07:01:29[main] [Http11NioProtocol:173] - Initializing ProtocolHandler ["http-nio-8082"]
INFO  21-06-15 07:01:29[main] [StandardService:173] - Starting service [Tomcat]
INFO  21-06-15 07:01:29[main] [StandardEngine:173] - Starting Servlet engine: [Apache Tomcat/9.0.36]
INFO  21-06-15 07:01:29[main] [[/]:173] - Initializing Spring embedded WebApplicationContext
INFO  21-06-15 07:01:29[main] [ServletWebServerApplicationContext:285] - Root WebApplicationContext: initialization completed in 1830 ms
INFO  21-06-15 07:01:30[main] [DefaultSecurityFilterChain:43] - Creating filter chain: Ant [pattern='/css/**'], []
INFO  21-06-15 07:01:30[main] [DefaultSecurityFilterChain:43] - Creating filter chain: Ant [pattern='/js/**'], []
INFO  21-06-15 07:01:30[main] [DefaultSecurityFilterChain:43] - Creating filter chain: Ant [pattern='/img/**'], []
INFO  21-06-15 07:01:30[main] [DefaultSecurityFilterChain:43] - Creating filter chain: Ant [pattern='/images/**'], []
INFO  21-06-15 07:01:30[main] [DefaultSecurityFilterChain:43] - Creating filter chain: Ant [pattern='/lib/**'], []
INFO  21-06-15 07:01:30[main] [DefaultSecurityFilterChain:43] - Creating filter chain: Ant [pattern='/templates/**'], []
INFO  21-06-15 07:01:30[main] [DefaultSecurityFilterChain:43] - Creating filter chain: Ant [pattern='/v2/api-docs'], []
INFO  21-06-15 07:01:30[main] [DefaultSecurityFilterChain:43] - Creating filter chain: Ant [pattern='/configuration/ui'], []
INFO  21-06-15 07:01:30[main] [DefaultSecurityFilterChain:43] - Creating filter chain: Ant [pattern='/configuration/security'], []
INFO  21-06-15 07:01:30[main] [DefaultSecurityFilterChain:43] - Creating filter chain: Ant [pattern='/webjars/**'], []
INFO  21-06-15 07:01:30[main] [DefaultSecurityFilterChain:43] - Creating filter chain: Ant [pattern='/_sign/**'], []
INFO  21-06-15 07:01:30[main] [DefaultSecurityFilterChain:43] - Creating filter chain: any request, [org.springframework.security.web.context.request.async.WebAsyncManagerIntegrationFilter@329548d0, org.springframework.security.web.context.SecurityContextPersistenceFilter@6342ff7f, org.springframework.security.web.header.HeaderWriterFilter@ba17be6, org.springframework.security.web.authentication.logout.LogoutFilter@6e4599c0, org.springframework.security.web.authentication.UsernamePasswordAuthenticationFilter@2d55e826, org.springframework.security.web.savedrequest.RequestCacheAwareFilter@2daf06fc, org.springframework.security.web.servletapi.SecurityContextHolderAwareRequestFilter@4462efe1, org.springframework.security.web.authentication.AnonymousAuthenticationFilter@3003827c, org.springframework.security.web.session.SessionManagementFilter@332bcab0, org.springframework.security.web.access.ExceptionTranslationFilter@4ee25d80, org.springframework.security.web.access.intercept.FilterSecurityInterceptor@52b3bf03]
INFO  21-06-15 07:01:30[main] [PropertySourcedRequestMappingHandlerMapping:69] - Mapped URL path [/v2/api-docs] onto method [springfox.documentation.swagger2.web.Swagger2Controller#getDocumentation(String, HttpServletRequest)]
INFO  21-06-15 07:01:30[main] [ThreadPoolTaskExecutor:181] - Initializing ExecutorService 'applicationTaskExecutor'
WARN  21-06-15 07:01:30[main] [TemplateMode:150] - [THYMELEAF][main] Template Mode 'HTML5' is deprecated. Using Template Mode 'HTML' instead.
INFO  21-06-15 07:01:30[main] [Http11NioProtocol:173] - Starting ProtocolHandler ["http-nio-8082"]
INFO  21-06-15 07:01:30[main] [TomcatWebServer:220] - Tomcat started on port(s): 8082 (http) with context path ''
INFO  21-06-15 07:01:30[main] [DocumentationPluginsBootstrapper:160] - Context refreshed
INFO  21-06-15 07:01:30[main] [DocumentationPluginsBootstrapper:163] - Found 1 custom documentation plugin(s)
INFO  21-06-15 07:01:30[main] [ApiListingReferenceScanner:41] - Scanning for api listing references
INFO  21-06-15 07:01:30[main] [ChatBotApplication:61] - Started ChatBotApplication in 3.578 seconds (JVM running for 5.311)
