#
# There is insufficient memory for the Java Runtime Environment to continue.
# Native memory allocation (malloc) failed to allocate 1048576 bytes for AllocateHeap
# Possible reasons:
#   The system is out of physical RAM or swap space
#   The process is running with CompressedOops enabled, and the Java Heap may be blocking the growth of the native heap
# Possible solutions:
#   Reduce memory load on the system
#   Increase physical memory or swap space
#   Check if swap backing store is full
#   Decrease Java heap size (-Xmx/-Xms)
#   Decrease number of Java threads
#   Decrease Java thread stack sizes (-Xss)
#   Set larger code cache with -XX:ReservedCodeCacheSize=
#   JVM is running with Zero Based Compressed Oops mode in which the Java heap is
#     placed in the first 32GB address space. The Java Heap base address is the
#     maximum limit for the native heap growth. Please use -XX:HeapBaseMinAddress
#     to set the Java Heap base and to place the Java Heap above 32GB virtual address.
# This output file may be truncated or incomplete.
#
#  Out of Memory Error (memory/allocation.inline.hpp:61), pid=24916, tid=0x0000000000000f4c
#
# JRE version:  (8.0_261-b12) (build )
# Java VM: Java HotSpot(TM) 64-Bit Server VM (25.261-b12 mixed mode windows-amd64 compressed oops)
# Failed to write core dump. Minidumps are not enabled by default on client versions of Windows
#

---------------  T H R E A D  ---------------

Current thread (0x0000023452b53800):  JavaThread "Unknown thread" [_thread_in_vm, id=3916, stack(0x000000501fa00000,0x000000501fb00000)]

Stack: [0x000000501fa00000,0x000000501fb00000]
Native frames: (J=compiled Java code, j=interpreted, Vv=VM code, C=native code)
V  [jvm.dll+0x33e5f9]


---------------  P R O C E S S  ---------------

Java Threads: ( => current thread )

Other Threads:

=>0x0000023452b53800 (exited) JavaThread "Unknown thread" [_thread_in_vm, id=3916, stack(0x000000501fa00000,0x000000501fb00000)]

VM state:not at safepoint (normal execution)

VM Mutex/Monitor currently owned by a thread: None

heap address: 0x00000006c2000000, size: 4064 MB, Compressed Oops mode: Zero based, Oop shift amount: 3
Narrow klass base: 0x0000000000000000, Narrow klass shift: 3
Compressed class space size: 1073741824 Address: 0x00000007c0000000

Heap:
 PSYoungGen      total 75776K, used 1300K [0x000000076b580000, 0x0000000770a00000, 0x00000007c0000000)
  eden space 65024K, 2% used [0x000000076b580000,0x000000076b6c51f8,0x000000076f500000)
  from space 10752K, 0% used [0x000000076ff80000,0x000000076ff80000,0x0000000770a00000)
  to   space 10752K, 0% used [0x000000076f500000,0x000000076f500000,0x000000076ff80000)
 ParOldGen       total 173568K, used 0K [0x00000006c2000000, 0x00000006cc980000, 0x000000076b580000)
  object space 173568K, 0% used [0x00000006c2000000,0x00000006c2000000,0x00000006cc980000)
 Metaspace       used 754K, capacity 1092K, committed 1152K, reserved 1060864K
  class space    used 76K, capacity 384K, committed 384K, reserved 1048576K

Card table byte_map: [0x0000023463780000,0x0000023463f80000] byte_map_base: 0x0000023460170000

Marking Bits: (ParMarkBitMap*) 0x0000000051884fb0
 Begin Bits: [0x00000234644d0000, 0x0000023468450000)
 End Bits:   [0x0000023468450000, 0x000002346c3d0000)

Polling page: 0x0000023452af0000

CodeCache: size=245760Kb used=328Kb max_used=328Kb free=245431Kb
 bounds [0x00000234543c0000, 0x0000023454630000, 0x00000234633c0000]
 total_blobs=58 nmethods=0 adapters=38
 compilation: enabled

Compilation events (0 events):
No events

GC Heap History (0 events):
No events

Deoptimization events (0 events):
No events

Classes redefined (0 events):
No events

Internal exceptions (0 events):
No events

Events (10 events):
Event: 0.048 loading class java/lang/Short
Event: 0.048 loading class java/lang/Short done
Event: 0.048 loading class java/lang/Integer
Event: 0.048 loading class java/lang/Integer done
Event: 0.048 loading class java/lang/Long
Event: 0.048 loading class java/lang/Long done
Event: 0.049 loading class java/lang/NullPointerException
Event: 0.049 loading class java/lang/NullPointerException done
Event: 0.049 loading class java/lang/ArithmeticException
Event: 0.049 loading class java/lang/ArithmeticException done


Dynamic libraries:
0x00007ff7cfed0000 - 0x00007ff7cff17000 	C:\Program Files\Java\jre1.8.0_261\bin\javaw.exe
0x00007fff44630000 - 0x00007fff44825000 	C:\WINDOWS\SYSTEM32\ntdll.dll
0x00007fff42d30000 - 0x00007fff42ded000 	C:\WINDOWS\System32\KERNEL32.DLL
0x00007fff421e0000 - 0x00007fff424a8000 	C:\WINDOWS\System32\KERNELBASE.dll
0x00007fff42b40000 - 0x00007fff42bec000 	C:\WINDOWS\System32\ADVAPI32.dll
0x00007fff43aa0000 - 0x00007fff43b3e000 	C:\WINDOWS\System32\msvcrt.dll
0x00007fff42780000 - 0x00007fff4281b000 	C:\WINDOWS\System32\sechost.dll
0x00007fff437b0000 - 0x00007fff438db000 	C:\WINDOWS\System32\RPCRT4.dll
0x00007fff435d0000 - 0x00007fff43770000 	C:\WINDOWS\System32\USER32.dll
0x00007fff41f90000 - 0x00007fff41fb2000 	C:\WINDOWS\System32\win32u.dll
0x00007fff42ca0000 - 0x00007fff42cca000 	C:\WINDOWS\System32\GDI32.dll
0x00007fff420d0000 - 0x00007fff421db000 	C:\WINDOWS\System32\gdi32full.dll
0x00007fff425b0000 - 0x00007fff4264d000 	C:\WINDOWS\System32\msvcp_win.dll
0x00007fff424b0000 - 0x00007fff425b0000 	C:\WINDOWS\System32\ucrtbase.dll
0x00007fff280e0000 - 0x00007fff2837a000 	C:\WINDOWS\WinSxS\amd64_microsoft.windows.common-controls_6595b64144ccf1df_6.0.19041.1052_none_60b8f8fd71f5e8cb\COMCTL32.dll
0x00007fff43a70000 - 0x00007fff43aa0000 	C:\WINDOWS\System32\IMM32.DLL
0x00007fff23140000 - 0x00007fff23155000 	C:\Program Files\Java\jre1.8.0_261\bin\vcruntime140.dll
0x00007fff17d50000 - 0x00007fff17deb000 	C:\Program Files\Java\jre1.8.0_261\bin\msvcp140.dll
0x0000000051090000 - 0x00000000518fc000 	C:\Program Files\Java\jre1.8.0_261\bin\server\jvm.dll
0x00007fff437a0000 - 0x00007fff437a8000 	C:\WINDOWS\System32\PSAPI.DLL
0x00007fff21810000 - 0x00007fff21819000 	C:\WINDOWS\SYSTEM32\WSOCK32.dll
0x00007fff429a0000 - 0x00007fff42a0b000 	C:\WINDOWS\System32\WS2_32.dll
0x00007fff40b30000 - 0x00007fff40b3a000 	C:\WINDOWS\SYSTEM32\VERSION.dll
0x00007fff27630000 - 0x00007fff27657000 	C:\WINDOWS\SYSTEM32\WINMM.dll
0x00007fff40810000 - 0x00007fff40822000 	C:\WINDOWS\SYSTEM32\kernel.appcore.dll
0x00007fff3d5d0000 - 0x00007fff3d5e0000 	C:\Program Files\Java\jre1.8.0_261\bin\verify.dll
0x00007fff29790000 - 0x00007fff297bb000 	C:\Program Files\Java\jre1.8.0_261\bin\java.dll
0x00007fff3d550000 - 0x00007fff3d568000 	C:\Program Files\Java\jre1.8.0_261\bin\zip.dll
0x00007fff40210000 - 0x00007fff403f4000 	C:\WINDOWS\SYSTEM32\dbghelp.dll
0x00007fff41da0000 - 0x00007fff41e23000 	C:\WINDOWS\System32\bcryptPrimitives.dll

VM Arguments:
jvm_args: -Dcom.sun.management.jmxremote -Dcom.sun.management.jmxremote.port=52183 -Dcom.sun.management.jmxremote.authenticate=false -Dcom.sun.management.jmxremote.ssl=false -Djava.rmi.server.hostname=localhost -Dspring.jmx.enabled=true -Dspring.application.admin.enabled=true -Xverify:none -XX:TieredStopAtLevel=1 -Dspring.boot.project.name=ChatBot -Dfile.encoding=UTF-8 
java_command: com.fursys.chatbot.ChatBotApplication --spring.output.ansi.enabled=always
java_class_path (initial): D:\development\workspace\ChatBot\bin\main;C:\Users\hwang\.gradle\caches\modules-2\files-2.1\org.springframework.boot\spring-boot-starter-web\2.3.1.RELEASE\555c4f90141cdbc7637145e413bca0d622ba6796\spring-boot-starter-web-2.3.1.RELEASE.jar;C:\Users\hwang\.gradle\caches\modules-2\files-2.1\org.springframework.boot\spring-boot-starter-thymeleaf\2.3.1.RELEASE\13a3ace55888cd1af5fd43f987e024478b1067fe\spring-boot-starter-thymeleaf-2.3.1.RELEASE.jar;C:\Users\hwang\.gradle\caches\modules-2\files-2.1\org.springframework.boot\spring-boot-starter-security\2.3.1.RELEASE\44ecf9c2e61b330134e8f80b5d5f4d25f23cf755\spring-boot-starter-security-2.3.1.RELEASE.jar;C:\Users\hwang\.gradle\caches\modules-2\files-2.1\org.mybatis.spring.boot\mybatis-spring-boot-starter\2.1.1\8f37962345ae7752f0fb1a831ae932a6b55326a7\mybatis-spring-boot-starter-2.1.1.jar;C:\Users\hwang\.gradle\caches\modules-2\files-2.1\org.springframework.boot\spring-boot-starter-jdbc\2.1.9.RELEASE\3f7d1d67669dfa0ea4ff9216afbeef5bc6a58ecb\spring-boot-starter-jdbc-2.1.9.RELEASE.jar;C:\Users\hwang\.gradle\caches\modules-2\files-2.1\org.springframework.boot\spring-boot-starter-json\2.3.1.RELEASE\8342003919c7e5a2470072595ea190cb8a9552c0\spring-boot-starter-json-2.3.1.RELEASE.jar;C:\Users\hwang\.gradle\caches\modules-2\files-2.1\org.springframework.boot\spring-boot-starter\2.3.1.RELEASE\e0d28696fea064578cb01da346232284f922eba4\spring-boot-starter-2.3.1.RELEASE.jar;C:\Users\hwang\.gradle\caches\modules-2\files-2.1\org.springframework.boot\spring-boot-starter-tomcat\2.3.1.RELEASE\5b599d0da04e724479c22daa47f9bfd62533a2e9\spring-boot-starter-tomcat-2.3.1.RELEASE.jar;C:\Users\hwang\.gradle\caches\modules-2\files-2.1\org.mybatis.spring.boot\mybatis-spring-boot-autoconfigure\2.1.1\50d8f44c3073af0b18184c5211cb1fb17b2117a6\mybatis-spring-boot-autoconfigure-2.1.1.jar;C:\Users\hwang\.gradle\caches\modules-2\files-2.1\org.springframework.boot\spring-boot-autoconfigure\2.3.1.RELEASE\6d679d6ba26235a0e81ca1d58f9c1024
Launcher Type: SUN_STANDARD

Environment Variables:
JAVA_HOME=C:\Program Files\Java\jdk1.8.0_261
CLASSPATH=c:\sybase\ASEP_Win32\3pclass.zip;c:\sybase\ASEP_Win32\monclass.zip;D:\development\jdk1.7.0_51_64bit\lib;
USERNAME=hwang
OS=Windows_NT
PROCESSOR_IDENTIFIER=Intel64 Family 6 Model 142 Stepping 12, GenuineIntel



---------------  S Y S T E M  ---------------

OS: Windows 10.0 , 64 bit Build 19041 (10.0.19041.1023)

CPU:total 8 (initial active 8) (4 cores per cpu, 2 threads per core) family 6 model 142 stepping 12, cmov, cx8, fxsr, mmx, sse, sse2, sse3, ssse3, sse4.1, sse4.2, popcnt, avx, avx2, aes, clmul, erms, 3dnowpref, lzcnt, ht, tsc, tscinvbit, bmi1, bmi2, adx

Memory: 4k page, physical 16644392k(2531096k free), swap 16644392k(5128k free)

vm_info: Java HotSpot(TM) 64-Bit Server VM (25.261-b12) for windows-amd64 JRE (1.8.0_261-b12), built on Jun 18 2020 06:56:32 by "" with unknown MS VC++:1916

time: Wed Jun 23 12:11:12 2021
timezone: 대한민국 표준시
elapsed time: 0 seconds (0d 0h 0m 0s)

